<?xml version="1.0" encoding="UTF-8"?>
<!-- Generated by org.testng.reporters.JUnitReportReporter -->
<testsuite hostname="DESKTOP-0QRM3M5" failures="0" tests="3" name="test.onBoarding.Login" time="8.116" errors="0" timestamp="2022-01-03T05:34:08 ICT" skipped="0">
  <testcase classname="test.onBoarding.Login" name="loginValid" time="3.319"/>
  <system-out/>
  <testcase classname="test.onBoarding.Login" name="logout" time="2.782"/>
  <system-out/>
  <testcase classname="test.onBoarding.Login" name="loginInvalid" time="2.015"/>
  <system-out/>
</testsuite> <!-- test.onBoarding.Login -->
